<?xml version="1.0" encoding="UTF-8"?>
<!-- Generated by org.testng.reporters.JUnitXMLReporter -->
<testsuite hostname="LAPTOP-CU870VSL" ignored="1" name="AppiumTest" tests="3" failures="1" timestamp="19 Jul 2018 04:48:31 GMT" time="141.513" errors="0">
  <testcase name="e2eFlow" time="48.407" classname="Test.Test_flipKartApp"/>
  <testcase name="verifyCart" time="2.122" classname="Test.Test_flipKartApp">
    <failure type="java.lang.AssertionError" message="expected [false] but found [true]">
      <![CDATA[java.lang.AssertionError: expected [false] but found [true]
	at Test.Test_flipKartApp.verifyCart(Test_flipKartApp.java:57)
... Removed 29 stack frames]]>
    </failure>
  </testcase> <!-- verifyCart -->
  <testcase name="switchToGmail" time="32.505" classname="Test.Test_flipKartApp"/>
  <testcase name="@AfterSuite tearDown" time="0.0" classname="Test.BaseTestClass">
    <ignored/>
  </testcase> <!-- @AfterSuite tearDown -->
</testsuite> <!-- AppiumTest -->
